<?xml version="1.0" encoding="UTF-8"?>
<!-- Generated by org.testng.reporters.JUnitReportReporter -->
<testsuite hostname="DESKTOP-0L876N7" failures="0" tests="1" name="scripts.Addtocart" time="24.412" errors="0" timestamp="2021-05-23T15:42:26 IST" skipped="0">
  <testcase classname="scripts.Addtocart" name="addProduct" time="24.412"/>
  <system-out/>
</testsuite> <!-- scripts.Addtocart -->
